۲۰۱۸-۱۲-۲۴ ۱۸:۲۴:۱۹,۹۴۴ INFO  [main] Application:  Starting Application v1.0.0 on Ma-Gorji-7 with PID 60084 (D:\myRetailShop-spring\laptop\newww\gs-rest-service\initial\target\myRetailShop-1.0.0.war started by Ma_Gorji in D:\myRetailShop-spring\laptop\newww\gs-rest-service\initial)
۲۰۱۸-۱۲-۲۴ ۱۸:۲۴:۱۹,۹۶۵ DEBUG [main] Application:  Running with Spring Boot v1.5.4.RELEASE, Spring v4.3.9.RELEASE
۲۰۱۸-۱۲-۲۴ ۱۸:۲۴:۱۹,۹۶۶ INFO  [main] Application:  No active profile set, falling back to default profiles: default
۲۰۱۸-۱۲-۲۴ ۱۸:۲۴:۲۱,۷۴۷ DEBUG [background-preinit] logging:  Logging Provider: org.jboss.logging.Slf4jLoggerProvider found via system property
۲۰۱۸-۱۲-۲۴ ۱۸:۲۴:۲۴,۹۲۹ ERROR [main] SpringApplication:  Application startup failed
java.lang.NoSuchMethodError: org.springframework.data.repository.config.RepositoryConfigurationSource.getAttribute(Ljava/lang/String;)Ljava/util/Optional;
	at org.springframework.data.redis.repository.configuration.RedisRepositoryConfigurationExtension.registerBeansForRoot(RedisRepositoryConfigurationExtension.java:88)
	at org.springframework.data.repository.config.RepositoryConfigurationDelegate.registerRepositoriesIn(RepositoryConfigurationDelegate.java:116)
	at org.springframework.boot.autoconfigure.data.AbstractRepositoryConfigurationSourceSupport.registerBeanDefinitions(AbstractRepositoryConfigurationSourceSupport.java:59)
	at org.springframework.context.annotation.ConfigurationClassBeanDefinitionReader.loadBeanDefinitionsFromRegistrars(ConfigurationClassBeanDefinitionReader.java:354)
	at org.springframework.context.annotation.ConfigurationClassBeanDefinitionReader.loadBeanDefinitionsForConfigurationClass(ConfigurationClassBeanDefinitionReader.java:143)
	at org.springframework.context.annotation.ConfigurationClassBeanDefinitionReader.loadBeanDefinitions(ConfigurationClassBeanDefinitionReader.java:116)
	at org.springframework.context.annotation.ConfigurationClassPostProcessor.processConfigBeanDefinitions(ConfigurationClassPostProcessor.java:320)
	at org.springframework.context.annotation.ConfigurationClassPostProcessor.postProcessBeanDefinitionRegistry(ConfigurationClassPostProcessor.java:228)
	at org.springframework.context.support.PostProcessorRegistrationDelegate.invokeBeanDefinitionRegistryPostProcessors(PostProcessorRegistrationDelegate.java:270)
	at org.springframework.context.support.PostProcessorRegistrationDelegate.invokeBeanFactoryPostProcessors(PostProcessorRegistrationDelegate.java:93)
	at org.springframework.context.support.AbstractApplicationContext.invokeBeanFactoryPostProcessors(AbstractApplicationContext.java:687)
	at org.springframework.context.support.AbstractApplicationContext.refresh(AbstractApplicationContext.java:525)
	at org.springframework.boot.context.embedded.EmbeddedWebApplicationContext.refresh(EmbeddedWebApplicationContext.java:122)
	at org.springframework.boot.SpringApplication.refresh(SpringApplication.java:693)
	at org.springframework.boot.SpringApplication.refreshContext(SpringApplication.java:360)
	at org.springframework.boot.SpringApplication.run(SpringApplication.java:303)
	at org.springframework.boot.SpringApplication.run(SpringApplication.java:1118)
	at org.springframework.boot.SpringApplication.run(SpringApplication.java:1107)
	at retailshop.Application.main(Application.java:13)
	at java.base/jdk.internal.reflect.NativeMethodAccessorImpl.invoke0(Native Method)
	at java.base/jdk.internal.reflect.NativeMethodAccessorImpl.invoke(Unknown Source)
	at java.base/jdk.internal.reflect.DelegatingMethodAccessorImpl.invoke(Unknown Source)
	at java.base/java.lang.reflect.Method.invoke(Unknown Source)
	at org.springframework.boot.loader.MainMethodRunner.run(MainMethodRunner.java:48)
	at org.springframework.boot.loader.Launcher.launch(Launcher.java:87)
	at org.springframework.boot.loader.Launcher.launch(Launcher.java:50)
	at org.springframework.boot.loader.WarLauncher.main(WarLauncher.java:59)
۲۰۱۸-۱۲-۲۴ ۱۸:۲۴:۲۴,۹۹۶ WARN  [main] AnnotationConfigEmbeddedWebApplicationContext:  Exception thrown from LifecycleProcessor on context close
java.lang.IllegalStateException: LifecycleProcessor not initialized - call 'refresh' before invoking lifecycle methods via the context: org.springframework.boot.context.embedded.AnnotationConfigEmbeddedWebApplicationContext@298a5e20: startup date [Mon Dec 24 18:24:21 IRST 2018]; root of context hierarchy
	at org.springframework.context.support.AbstractApplicationContext.getLifecycleProcessor(AbstractApplicationContext.java:427)
	at org.springframework.context.support.AbstractApplicationContext.doClose(AbstractApplicationContext.java:999)
	at org.springframework.context.support.AbstractApplicationContext.close(AbstractApplicationContext.java:958)
	at org.springframework.boot.SpringApplication.handleRunFailure(SpringApplication.java:750)
	at org.springframework.boot.SpringApplication.run(SpringApplication.java:314)
	at org.springframework.boot.SpringApplication.run(SpringApplication.java:1118)
	at org.springframework.boot.SpringApplication.run(SpringApplication.java:1107)
	at retailshop.Application.main(Application.java:13)
	at java.base/jdk.internal.reflect.NativeMethodAccessorImpl.invoke0(Native Method)
	at java.base/jdk.internal.reflect.NativeMethodAccessorImpl.invoke(Unknown Source)
	at java.base/jdk.internal.reflect.DelegatingMethodAccessorImpl.invoke(Unknown Source)
	at java.base/java.lang.reflect.Method.invoke(Unknown Source)
	at org.springframework.boot.loader.MainMethodRunner.run(MainMethodRunner.java:48)
	at org.springframework.boot.loader.Launcher.launch(Launcher.java:87)
	at org.springframework.boot.loader.Launcher.launch(Launcher.java:50)
	at org.springframework.boot.loader.WarLauncher.main(WarLauncher.java:59)
۲۰۱۸-۱۲-۲۴ ۱۸:۲۴:۲۵,۰۶۴ ERROR [main] DefaultListableBeanFactory:  Destroy method on bean with name 'org.springframework.boot.autoconfigure.internalCachingMetadataReaderFactory' threw an exception
java.lang.IllegalStateException: ApplicationEventMulticaster not initialized - call 'refresh' before multicasting events via the context: org.springframework.boot.context.embedded.AnnotationConfigEmbeddedWebApplicationContext@298a5e20: startup date [Mon Dec 24 18:24:21 IRST 2018]; root of context hierarchy
	at org.springframework.context.support.AbstractApplicationContext.getApplicationEventMulticaster(AbstractApplicationContext.java:414)
	at org.springframework.context.support.ApplicationListenerDetector.postProcessBeforeDestruction(ApplicationListenerDetector.java:97)
	at org.springframework.beans.factory.support.DisposableBeanAdapter.destroy(DisposableBeanAdapter.java:253)
	at org.springframework.beans.factory.support.DefaultSingletonBeanRegistry.destroyBean(DefaultSingletonBeanRegistry.java:578)
	at org.springframework.beans.factory.support.DefaultSingletonBeanRegistry.destroySingleton(DefaultSingletonBeanRegistry.java:554)
	at org.springframework.beans.factory.support.DefaultListableBeanFactory.destroySingleton(DefaultListableBeanFactory.java:961)
	at org.springframework.beans.factory.support.DefaultSingletonBeanRegistry.destroySingletons(DefaultSingletonBeanRegistry.java:523)
	at org.springframework.beans.factory.support.DefaultListableBeanFactory.destroySingletons(DefaultListableBeanFactory.java:968)
	at org.springframework.context.support.AbstractApplicationContext.destroyBeans(AbstractApplicationContext.java:1030)
	at org.springframework.context.support.AbstractApplicationContext.doClose(AbstractApplicationContext.java:1006)
	at org.springframework.context.support.AbstractApplicationContext.close(AbstractApplicationContext.java:958)
	at org.springframework.boot.SpringApplication.handleRunFailure(SpringApplication.java:750)
	at org.springframework.boot.SpringApplication.run(SpringApplication.java:314)
	at org.springframework.boot.SpringApplication.run(SpringApplication.java:1118)
	at org.springframework.boot.SpringApplication.run(SpringApplication.java:1107)
	at retailshop.Application.main(Application.java:13)
	at java.base/jdk.internal.reflect.NativeMethodAccessorImpl.invoke0(Native Method)
	at java.base/jdk.internal.reflect.NativeMethodAccessorImpl.invoke(Unknown Source)
	at java.base/jdk.internal.reflect.DelegatingMethodAccessorImpl.invoke(Unknown Source)
	at java.base/java.lang.reflect.Method.invoke(Unknown Source)
	at org.springframework.boot.loader.MainMethodRunner.run(MainMethodRunner.java:48)
	at org.springframework.boot.loader.Launcher.launch(Launcher.java:87)
	at org.springframework.boot.loader.Launcher.launch(Launcher.java:50)
	at org.springframework.boot.loader.WarLauncher.main(WarLauncher.java:59)
۲۰۱۸-۱۲-۲۴ ۱۸:۲۷:۵۰,۸۵۸ INFO  [main] Application:  Starting Application v1.0.0 on Ma-Gorji-7 with PID 27584 (D:\myRetailShop-spring\laptop\newww\gs-rest-service\initial\target\myRetailShop-1.0.0.war started by Ma_Gorji in D:\myRetailShop-spring\laptop\newww\gs-rest-service\initial)
۲۰۱۸-۱۲-۲۴ ۱۸:۲۷:۵۰,۸۶۴ DEBUG [main] Application:  Running with Spring Boot v1.5.4.RELEASE, Spring v4.3.9.RELEASE
۲۰۱۸-۱۲-۲۴ ۱۸:۲۷:۵۰,۸۶۴ INFO  [main] Application:  No active profile set, falling back to default profiles: default
۲۰۱۸-۱۲-۲۴ ۱۸:۲۷:۵۱,۱۶۹ DEBUG [background-preinit] logging:  Logging Provider: org.jboss.logging.Slf4jLoggerProvider found via system property
۲۰۱۸-۱۲-۲۴ ۱۸:۲۷:۵۸,۸۹۰ DEBUG [main] WebConfigurer:  Registering CORS filter
۲۰۱۸-۱۲-۲۴ ۱۸:۲۷:۵۹,۰۲۷ DEBUG [main] WebConfigurer:  Initialize H2 console
۲۰۱۸-۱۲-۲۴ ۱۸:۲۷:۵۹,۰۳۲ INFO  [main] WebConfigurer:  Web application fully configured
۲۰۱۸-۱۲-۲۴ ۱۸:۲۸:۰۹,۱۲۷ WARN  [main] AbstractTemplateResolverConfiguration:  Cannot find template location: classpath:/templates/ (please add some templates or check your Thymeleaf configuration)
۲۰۱۸-۱۲-۲۴ ۱۸:۲۸:۱۰,۷۲۶ INFO  [main] Application:  Started Application in 21.013 seconds (JVM running for 22.34)
