2018-12-25 14:45:25,727 INFO  [main] ProductControllerIntTest:  Starting ProductControllerIntTest on Ma-Gorji-7 with PID 56024 (started by Ma_Gorji in D:\myRetailShop-spring\laptop\newww\gs-rest-service\initial)
2018-12-25 14:45:25,728 DEBUG [main] ProductControllerIntTest:  Running with Spring Boot v1.5.4.RELEASE, Spring v4.3.9.RELEASE
2018-12-25 14:45:25,729 INFO  [main] ProductControllerIntTest:  The following profiles are active: swagger,dev
2018-12-25 14:45:25,926 DEBUG [background-preinit] logging:  Logging Provider: org.jboss.logging.Slf4jLoggerProvider found via system property
2018-12-25 15:01:26,202 INFO  [main] ProductControllerIntTest:  Starting ProductControllerIntTest on Ma-Gorji-7 with PID 44328 (started by Ma_Gorji in D:\myRetailShop-spring\laptop\newww\gs-rest-service\initial)
2018-12-25 15:01:26,202 DEBUG [main] ProductControllerIntTest:  Running with Spring Boot v1.5.4.RELEASE, Spring v4.3.9.RELEASE
2018-12-25 15:01:26,203 INFO  [main] ProductControllerIntTest:  The following profiles are active: swagger,dev
2018-12-25 15:01:26,601 DEBUG [background-preinit] logging:  Logging Provider: org.jboss.logging.Slf4jLoggerProvider found via system property
2018-12-25 15:01:30,573 DEBUG [main] WebConfigurer:  Registering CORS filter
2018-12-25 15:01:33,940 WARN  [main] AbstractTemplateResolverConfiguration:  Cannot find template location: classpath:/templates/ (please add some templates or check your Thymeleaf configuration)
2018-12-25 15:01:34,691 INFO  [main] ProductControllerIntTest:  Started ProductControllerIntTest in 9.49 seconds (JVM running for 10.571)
2018-12-25 15:01:34,975 WARN  [main] PageNotFound:  Request method 'PUT' not supported
2018-12-25 15:08:29,422 INFO  [main] ProductControllerIntTest:  Starting ProductControllerIntTest on Ma-Gorji-7 with PID 36632 (started by Ma_Gorji in D:\myRetailShop-spring\laptop\newww\gs-rest-service\initial)
2018-12-25 15:08:29,423 DEBUG [main] ProductControllerIntTest:  Running with Spring Boot v1.5.4.RELEASE, Spring v4.3.9.RELEASE
2018-12-25 15:08:29,423 INFO  [main] ProductControllerIntTest:  The following profiles are active: swagger,dev
2018-12-25 15:08:29,670 DEBUG [background-preinit] logging:  Logging Provider: org.jboss.logging.Slf4jLoggerProvider found via system property
2018-12-25 15:08:33,743 DEBUG [main] WebConfigurer:  Registering CORS filter
2018-12-25 15:08:36,892 WARN  [main] AbstractTemplateResolverConfiguration:  Cannot find template location: classpath:/templates/ (please add some templates or check your Thymeleaf configuration)
2018-12-25 15:08:37,578 INFO  [main] ProductControllerIntTest:  Started ProductControllerIntTest in 9.272 seconds (JVM running for 10.431)
2018-12-25 15:08:37,793 WARN  [main] PageNotFound:  Request method 'PUT' not supported
2018-12-25 15:12:50,338 INFO  [main] ProductControllerIntTest:  Starting ProductControllerIntTest on Ma-Gorji-7 with PID 12624 (started by Ma_Gorji in D:\myRetailShop-spring\laptop\newww\gs-rest-service\initial)
2018-12-25 15:12:50,339 DEBUG [main] ProductControllerIntTest:  Running with Spring Boot v1.5.4.RELEASE, Spring v4.3.9.RELEASE
2018-12-25 15:12:50,340 INFO  [main] ProductControllerIntTest:  The following profiles are active: swagger,dev
2018-12-25 15:12:50,575 DEBUG [background-preinit] logging:  Logging Provider: org.jboss.logging.Slf4jLoggerProvider found via system property
2018-12-25 15:12:55,215 DEBUG [main] WebConfigurer:  Registering CORS filter
2018-12-25 15:12:58,448 WARN  [main] AbstractTemplateResolverConfiguration:  Cannot find template location: classpath:/templates/ (please add some templates or check your Thymeleaf configuration)
2018-12-25 15:12:59,143 INFO  [main] ProductControllerIntTest:  Started ProductControllerIntTest in 9.53 seconds (JVM running for 10.524)
2018-12-25 15:13:21,851 INFO  [main] ProductControllerIntTest:  Starting ProductControllerIntTest on Ma-Gorji-7 with PID 24076 (started by Ma_Gorji in D:\myRetailShop-spring\laptop\newww\gs-rest-service\initial)
2018-12-25 15:13:21,853 DEBUG [main] ProductControllerIntTest:  Running with Spring Boot v1.5.4.RELEASE, Spring v4.3.9.RELEASE
2018-12-25 15:13:21,853 INFO  [main] ProductControllerIntTest:  The following profiles are active: swagger,dev
2018-12-25 15:13:22,275 DEBUG [background-preinit] logging:  Logging Provider: org.jboss.logging.Slf4jLoggerProvider found via system property
2018-12-25 15:13:26,493 DEBUG [main] WebConfigurer:  Registering CORS filter
2018-12-25 15:13:29,529 WARN  [main] AbstractTemplateResolverConfiguration:  Cannot find template location: classpath:/templates/ (please add some templates or check your Thymeleaf configuration)
2018-12-25 15:13:30,266 INFO  [main] ProductControllerIntTest:  Started ProductControllerIntTest in 9.221 seconds (JVM running for 10.26)
2018-12-25 15:18:35,366 INFO  [main] ProductControllerIntTest:  Starting ProductControllerIntTest on Ma-Gorji-7 with PID 28564 (started by Ma_Gorji in D:\myRetailShop-spring\laptop\newww\gs-rest-service\initial)
2018-12-25 15:18:35,367 DEBUG [main] ProductControllerIntTest:  Running with Spring Boot v1.5.4.RELEASE, Spring v4.3.9.RELEASE
2018-12-25 15:18:35,367 INFO  [main] ProductControllerIntTest:  The following profiles are active: swagger,dev
2018-12-25 15:18:35,756 DEBUG [background-preinit] logging:  Logging Provider: org.jboss.logging.Slf4jLoggerProvider found via system property
2018-12-25 15:18:39,596 DEBUG [main] WebConfigurer:  Registering CORS filter
2018-12-25 15:18:42,590 WARN  [main] AbstractTemplateResolverConfiguration:  Cannot find template location: classpath:/templates/ (please add some templates or check your Thymeleaf configuration)
2018-12-25 15:18:43,656 INFO  [main] ProductControllerIntTest:  Started ProductControllerIntTest in 9.358 seconds (JVM running for 10.394)
2018-12-25 15:18:44,076 WARN  [main] PageNotFound:  Request method 'DELETE' not supported
2018-12-25 15:20:41,205 INFO  [main] ProductControllerIntTest:  Starting ProductControllerIntTest on Ma-Gorji-7 with PID 11236 (started by Ma_Gorji in D:\myRetailShop-spring\laptop\newww\gs-rest-service\initial)
2018-12-25 15:20:41,206 DEBUG [main] ProductControllerIntTest:  Running with Spring Boot v1.5.4.RELEASE, Spring v4.3.9.RELEASE
2018-12-25 15:20:41,206 INFO  [main] ProductControllerIntTest:  The following profiles are active: swagger,dev
2018-12-25 15:20:41,803 DEBUG [background-preinit] logging:  Logging Provider: org.jboss.logging.Slf4jLoggerProvider found via system property
2018-12-25 15:20:46,263 DEBUG [main] WebConfigurer:  Registering CORS filter
2018-12-25 15:20:50,403 WARN  [main] AbstractTemplateResolverConfiguration:  Cannot find template location: classpath:/templates/ (please add some templates or check your Thymeleaf configuration)
2018-12-25 15:20:51,365 INFO  [main] ProductControllerIntTest:  Started ProductControllerIntTest in 11.384 seconds (JVM running for 12.458)
2018-12-25 15:29:51,082 INFO  [main] ProductControllerIntTest:  Starting ProductControllerIntTest on Ma-Gorji-7 with PID 4004 (started by Ma_Gorji in D:\myRetailShop-spring\laptop\newww\gs-rest-service\initial)
2018-12-25 15:29:51,083 DEBUG [main] ProductControllerIntTest:  Running with Spring Boot v1.5.4.RELEASE, Spring v4.3.9.RELEASE
2018-12-25 15:29:51,083 INFO  [main] ProductControllerIntTest:  The following profiles are active: swagger,dev
2018-12-25 15:29:51,380 DEBUG [background-preinit] logging:  Logging Provider: org.jboss.logging.Slf4jLoggerProvider found via system property
2018-12-25 15:29:55,699 DEBUG [main] WebConfigurer:  Registering CORS filter
2018-12-25 15:29:58,887 WARN  [main] AbstractTemplateResolverConfiguration:  Cannot find template location: classpath:/templates/ (please add some templates or check your Thymeleaf configuration)
2018-12-25 15:29:59,684 INFO  [main] ProductControllerIntTest:  Started ProductControllerIntTest in 9.53 seconds (JVM running for 10.534)
2018-12-25 15:32:13,537 INFO  [main] ProductControllerIntTest:  Starting ProductControllerIntTest on Ma-Gorji-7 with PID 32384 (started by Ma_Gorji in D:\myRetailShop-spring\laptop\newww\gs-rest-service\initial)
2018-12-25 15:32:13,538 DEBUG [main] ProductControllerIntTest:  Running with Spring Boot v1.5.4.RELEASE, Spring v4.3.9.RELEASE
2018-12-25 15:32:13,539 INFO  [main] ProductControllerIntTest:  The following profiles are active: swagger,dev
2018-12-25 15:32:14,180 DEBUG [background-preinit] logging:  Logging Provider: org.jboss.logging.Slf4jLoggerProvider found via system property
2018-12-25 15:32:18,149 DEBUG [main] WebConfigurer:  Registering CORS filter
2018-12-25 15:32:21,393 WARN  [main] AbstractTemplateResolverConfiguration:  Cannot find template location: classpath:/templates/ (please add some templates or check your Thymeleaf configuration)
2018-12-25 15:32:22,126 INFO  [main] ProductControllerIntTest:  Started ProductControllerIntTest in 9.667 seconds (JVM running for 10.688)
2018-12-25 15:33:36,904 INFO  [main] ProductControllerIntTest:  Starting ProductControllerIntTest on Ma-Gorji-7 with PID 51940 (started by Ma_Gorji in D:\myRetailShop-spring\laptop\newww\gs-rest-service\initial)
2018-12-25 15:33:36,906 DEBUG [main] ProductControllerIntTest:  Running with Spring Boot v1.5.4.RELEASE, Spring v4.3.9.RELEASE
2018-12-25 15:33:36,906 INFO  [main] ProductControllerIntTest:  The following profiles are active: swagger,dev
2018-12-25 15:33:37,249 DEBUG [background-preinit] logging:  Logging Provider: org.jboss.logging.Slf4jLoggerProvider found via system property
2018-12-25 15:33:41,680 DEBUG [main] WebConfigurer:  Registering CORS filter
2018-12-25 15:33:45,493 WARN  [main] AbstractTemplateResolverConfiguration:  Cannot find template location: classpath:/templates/ (please add some templates or check your Thymeleaf configuration)
2018-12-25 15:33:46,360 INFO  [main] ProductControllerIntTest:  Started ProductControllerIntTest in 10.637 seconds (JVM running for 11.848)
2018-12-25 15:36:53,425 INFO  [main] ProductControllerIntTest:  Starting ProductControllerIntTest on Ma-Gorji-7 with PID 14756 (started by Ma_Gorji in D:\myRetailShop-spring\laptop\newww\gs-rest-service\initial)
2018-12-25 15:36:53,426 DEBUG [main] ProductControllerIntTest:  Running with Spring Boot v1.5.4.RELEASE, Spring v4.3.9.RELEASE
2018-12-25 15:36:53,426 INFO  [main] ProductControllerIntTest:  The following profiles are active: swagger,dev
2018-12-25 15:36:53,650 DEBUG [background-preinit] logging:  Logging Provider: org.jboss.logging.Slf4jLoggerProvider found via system property
2018-12-25 15:36:58,298 DEBUG [main] WebConfigurer:  Registering CORS filter
2018-12-25 15:37:02,169 WARN  [main] AbstractTemplateResolverConfiguration:  Cannot find template location: classpath:/templates/ (please add some templates or check your Thymeleaf configuration)
2018-12-25 15:37:03,244 INFO  [main] ProductControllerIntTest:  Started ProductControllerIntTest in 11.05 seconds (JVM running for 12.549)
2018-12-25 15:38:41,753 INFO  [main] ProductControllerIntTest:  Starting ProductControllerIntTest on Ma-Gorji-7 with PID 15108 (started by Ma_Gorji in D:\myRetailShop-spring\laptop\newww\gs-rest-service\initial)
2018-12-25 15:38:41,755 DEBUG [main] ProductControllerIntTest:  Running with Spring Boot v1.5.4.RELEASE, Spring v4.3.9.RELEASE
2018-12-25 15:38:41,755 INFO  [main] ProductControllerIntTest:  The following profiles are active: swagger,dev
2018-12-25 15:38:41,971 DEBUG [background-preinit] logging:  Logging Provider: org.jboss.logging.Slf4jLoggerProvider found via system property
2018-12-25 15:38:45,926 DEBUG [main] WebConfigurer:  Registering CORS filter
2018-12-25 15:38:48,937 WARN  [main] AbstractTemplateResolverConfiguration:  Cannot find template location: classpath:/templates/ (please add some templates or check your Thymeleaf configuration)
2018-12-25 15:38:49,812 INFO  [main] ProductControllerIntTest:  Started ProductControllerIntTest in 9.149 seconds (JVM running for 10.182)
2018-12-25 15:40:14,833 INFO  [main] ProductControllerIntTest:  Starting ProductControllerIntTest on Ma-Gorji-7 with PID 29468 (started by Ma_Gorji in D:\myRetailShop-spring\laptop\newww\gs-rest-service\initial)
2018-12-25 15:40:14,834 DEBUG [main] ProductControllerIntTest:  Running with Spring Boot v1.5.4.RELEASE, Spring v4.3.9.RELEASE
2018-12-25 15:40:14,834 INFO  [main] ProductControllerIntTest:  The following profiles are active: swagger,dev
2018-12-25 15:40:15,317 DEBUG [background-preinit] logging:  Logging Provider: org.jboss.logging.Slf4jLoggerProvider found via system property
2018-12-25 15:40:19,382 DEBUG [main] WebConfigurer:  Registering CORS filter
2018-12-25 15:40:22,540 WARN  [main] AbstractTemplateResolverConfiguration:  Cannot find template location: classpath:/templates/ (please add some templates or check your Thymeleaf configuration)
2018-12-25 15:40:23,307 INFO  [main] ProductControllerIntTest:  Started ProductControllerIntTest in 9.494 seconds (JVM running for 10.501)
2018-12-25 15:41:21,226 INFO  [main] ProductControllerIntTest:  Starting ProductControllerIntTest on Ma-Gorji-7 with PID 50980 (started by Ma_Gorji in D:\myRetailShop-spring\laptop\newww\gs-rest-service\initial)
2018-12-25 15:41:21,228 DEBUG [main] ProductControllerIntTest:  Running with Spring Boot v1.5.4.RELEASE, Spring v4.3.9.RELEASE
2018-12-25 15:41:21,228 INFO  [main] ProductControllerIntTest:  The following profiles are active: swagger,dev
2018-12-25 15:41:21,739 DEBUG [background-preinit] logging:  Logging Provider: org.jboss.logging.Slf4jLoggerProvider found via system property
2018-12-25 15:41:25,912 DEBUG [main] WebConfigurer:  Registering CORS filter
2018-12-25 15:41:28,997 WARN  [main] AbstractTemplateResolverConfiguration:  Cannot find template location: classpath:/templates/ (please add some templates or check your Thymeleaf configuration)
2018-12-25 15:41:29,706 INFO  [main] ProductControllerIntTest:  Started ProductControllerIntTest in 9.464 seconds (JVM running for 10.499)
2018-12-25 15:43:01,981 DEBUG [background-preinit] logging:  Logging Provider: org.jboss.logging.Slf4jLoggerProvider found via system property
2018-12-25 15:43:02,001 INFO  [main] ProductControllerIntTest:  Starting ProductControllerIntTest on Ma-Gorji-7 with PID 25700 (started by Ma_Gorji in D:\myRetailShop-spring\laptop\newww\gs-rest-service\initial)
2018-12-25 15:43:02,002 DEBUG [main] ProductControllerIntTest:  Running with Spring Boot v1.5.4.RELEASE, Spring v4.3.9.RELEASE
2018-12-25 15:43:02,002 INFO  [main] ProductControllerIntTest:  The following profiles are active: swagger,dev
2018-12-25 15:43:06,225 DEBUG [main] WebConfigurer:  Registering CORS filter
2018-12-25 15:43:09,491 WARN  [main] AbstractTemplateResolverConfiguration:  Cannot find template location: classpath:/templates/ (please add some templates or check your Thymeleaf configuration)
2018-12-25 15:43:10,165 INFO  [main] ProductControllerIntTest:  Started ProductControllerIntTest in 9.423 seconds (JVM running for 10.377)
2018-12-25 15:47:43,624 INFO  [main] ProductControllerIntTest:  Starting ProductControllerIntTest on Ma-Gorji-7 with PID 13864 (started by Ma_Gorji in D:\myRetailShop-spring\laptop\newww\gs-rest-service\initial)
2018-12-25 15:47:43,626 DEBUG [main] ProductControllerIntTest:  Running with Spring Boot v1.5.4.RELEASE, Spring v4.3.9.RELEASE
2018-12-25 15:47:43,626 INFO  [main] ProductControllerIntTest:  The following profiles are active: swagger,dev
2018-12-25 15:47:44,147 DEBUG [background-preinit] logging:  Logging Provider: org.jboss.logging.Slf4jLoggerProvider found via system property
2018-12-25 15:47:48,247 DEBUG [main] WebConfigurer:  Registering CORS filter
2018-12-25 15:47:51,304 WARN  [main] AbstractTemplateResolverConfiguration:  Cannot find template location: classpath:/templates/ (please add some templates or check your Thymeleaf configuration)
2018-12-25 15:47:51,940 INFO  [main] ProductControllerIntTest:  Started ProductControllerIntTest in 9.049 seconds (JVM running for 10.03)
2018-12-25 15:48:59,140 INFO  [main] ProductControllerIntTest:  Starting ProductControllerIntTest on Ma-Gorji-7 with PID 55092 (started by Ma_Gorji in D:\myRetailShop-spring\laptop\newww\gs-rest-service\initial)
2018-12-25 15:48:59,142 DEBUG [main] ProductControllerIntTest:  Running with Spring Boot v1.5.4.RELEASE, Spring v4.3.9.RELEASE
2018-12-25 15:48:59,142 INFO  [main] ProductControllerIntTest:  The following profiles are active: swagger,dev
2018-12-25 15:48:59,465 DEBUG [background-preinit] logging:  Logging Provider: org.jboss.logging.Slf4jLoggerProvider found via system property
2018-12-25 15:49:03,323 DEBUG [main] WebConfigurer:  Registering CORS filter
2018-12-25 15:49:06,432 WARN  [main] AbstractTemplateResolverConfiguration:  Cannot find template location: classpath:/templates/ (please add some templates or check your Thymeleaf configuration)
2018-12-25 15:49:07,123 INFO  [main] ProductControllerIntTest:  Started ProductControllerIntTest in 9.12 seconds (JVM running for 10.044)
2018-12-25 15:49:19,257 INFO  [main] ProductControllerIntTest:  Starting ProductControllerIntTest on Ma-Gorji-7 with PID 42224 (started by Ma_Gorji in D:\myRetailShop-spring\laptop\newww\gs-rest-service\initial)
2018-12-25 15:49:19,258 DEBUG [main] ProductControllerIntTest:  Running with Spring Boot v1.5.4.RELEASE, Spring v4.3.9.RELEASE
2018-12-25 15:49:19,258 INFO  [main] ProductControllerIntTest:  The following profiles are active: swagger,dev
2018-12-25 15:49:19,543 DEBUG [background-preinit] logging:  Logging Provider: org.jboss.logging.Slf4jLoggerProvider found via system property
2018-12-25 15:49:23,743 DEBUG [main] WebConfigurer:  Registering CORS filter
2018-12-25 15:49:26,809 WARN  [main] AbstractTemplateResolverConfiguration:  Cannot find template location: classpath:/templates/ (please add some templates or check your Thymeleaf configuration)
2018-12-25 15:49:27,513 INFO  [main] ProductControllerIntTest:  Started ProductControllerIntTest in 9.082 seconds (JVM running for 10.05)
2018-12-25 15:51:08,240 INFO  [main] ProductControllerIntTest:  Starting ProductControllerIntTest on Ma-Gorji-7 with PID 53688 (started by Ma_Gorji in D:\myRetailShop-spring\laptop\newww\gs-rest-service\initial)
2018-12-25 15:51:08,241 DEBUG [main] ProductControllerIntTest:  Running with Spring Boot v1.5.4.RELEASE, Spring v4.3.9.RELEASE
2018-12-25 15:51:08,241 INFO  [main] ProductControllerIntTest:  The following profiles are active: swagger,dev
2018-12-25 15:51:08,598 DEBUG [background-preinit] logging:  Logging Provider: org.jboss.logging.Slf4jLoggerProvider found via system property
2018-12-25 15:51:12,628 DEBUG [main] WebConfigurer:  Registering CORS filter
2018-12-25 15:51:15,795 WARN  [main] AbstractTemplateResolverConfiguration:  Cannot find template location: classpath:/templates/ (please add some templates or check your Thymeleaf configuration)
2018-12-25 15:51:16,496 INFO  [main] ProductControllerIntTest:  Started ProductControllerIntTest in 9.181 seconds (JVM running for 10.213)
2018-12-25 15:51:47,484 INFO  [main] ProductControllerIntTest:  Starting ProductControllerIntTest on Ma-Gorji-7 with PID 11972 (started by Ma_Gorji in D:\myRetailShop-spring\laptop\newww\gs-rest-service\initial)
2018-12-25 15:51:47,485 DEBUG [main] ProductControllerIntTest:  Running with Spring Boot v1.5.4.RELEASE, Spring v4.3.9.RELEASE
2018-12-25 15:51:47,485 INFO  [main] ProductControllerIntTest:  The following profiles are active: swagger,dev
2018-12-25 15:51:48,008 DEBUG [background-preinit] logging:  Logging Provider: org.jboss.logging.Slf4jLoggerProvider found via system property
2018-12-25 15:51:51,854 DEBUG [main] WebConfigurer:  Registering CORS filter
2018-12-25 15:51:55,166 WARN  [main] AbstractTemplateResolverConfiguration:  Cannot find template location: classpath:/templates/ (please add some templates or check your Thymeleaf configuration)
2018-12-25 15:51:56,035 INFO  [main] ProductControllerIntTest:  Started ProductControllerIntTest in 9.477 seconds (JVM running for 10.417)
2018-12-25 15:52:03,253 INFO  [main] ProductControllerIntTest:  Starting ProductControllerIntTest on Ma-Gorji-7 with PID 57252 (started by Ma_Gorji in D:\myRetailShop-spring\laptop\newww\gs-rest-service\initial)
2018-12-25 15:52:03,254 DEBUG [main] ProductControllerIntTest:  Running with Spring Boot v1.5.4.RELEASE, Spring v4.3.9.RELEASE
2018-12-25 15:52:03,254 INFO  [main] ProductControllerIntTest:  The following profiles are active: swagger,dev
2018-12-25 15:52:03,848 DEBUG [background-preinit] logging:  Logging Provider: org.jboss.logging.Slf4jLoggerProvider found via system property
2018-12-25 15:52:08,271 DEBUG [main] WebConfigurer:  Registering CORS filter
2018-12-25 15:52:12,106 WARN  [main] AbstractTemplateResolverConfiguration:  Cannot find template location: classpath:/templates/ (please add some templates or check your Thymeleaf configuration)
2018-12-25 15:52:13,047 INFO  [main] ProductControllerIntTest:  Started ProductControllerIntTest in 10.767 seconds (JVM running for 11.885)
2018-12-25 15:52:58,855 INFO  [main] ProductControllerIntTest:  Starting ProductControllerIntTest on Ma-Gorji-7 with PID 9508 (started by Ma_Gorji in D:\myRetailShop-spring\laptop\newww\gs-rest-service\initial)
2018-12-25 15:52:58,856 DEBUG [main] ProductControllerIntTest:  Running with Spring Boot v1.5.4.RELEASE, Spring v4.3.9.RELEASE
2018-12-25 15:52:58,856 INFO  [main] ProductControllerIntTest:  The following profiles are active: swagger,dev
2018-12-25 15:52:59,119 DEBUG [background-preinit] logging:  Logging Provider: org.jboss.logging.Slf4jLoggerProvider found via system property
2018-12-25 15:53:03,059 DEBUG [main] WebConfigurer:  Registering CORS filter
2018-12-25 15:53:06,115 WARN  [main] AbstractTemplateResolverConfiguration:  Cannot find template location: classpath:/templates/ (please add some templates or check your Thymeleaf configuration)
2018-12-25 15:53:06,834 INFO  [main] ProductControllerIntTest:  Started ProductControllerIntTest in 9.009 seconds (JVM running for 9.996)
2018-12-25 15:53:07,140 DEBUG [main] CompiledPath:  Evaluating path: $[*]['id']
2018-12-25 15:54:46,262 INFO  [main] ProductControllerIntTest:  Starting ProductControllerIntTest on Ma-Gorji-7 with PID 59368 (started by Ma_Gorji in D:\myRetailShop-spring\laptop\newww\gs-rest-service\initial)
2018-12-25 15:54:46,264 DEBUG [main] ProductControllerIntTest:  Running with Spring Boot v1.5.4.RELEASE, Spring v4.3.9.RELEASE
2018-12-25 15:54:46,264 INFO  [main] ProductControllerIntTest:  The following profiles are active: swagger,dev
2018-12-25 15:54:46,535 DEBUG [background-preinit] logging:  Logging Provider: org.jboss.logging.Slf4jLoggerProvider found via system property
2018-12-25 15:54:50,657 DEBUG [main] WebConfigurer:  Registering CORS filter
2018-12-25 15:54:53,741 WARN  [main] AbstractTemplateResolverConfiguration:  Cannot find template location: classpath:/templates/ (please add some templates or check your Thymeleaf configuration)
2018-12-25 15:54:54,436 INFO  [main] ProductControllerIntTest:  Started ProductControllerIntTest in 9.259 seconds (JVM running for 10.298)
2018-12-25 15:54:54,716 DEBUG [main] CompiledPath:  Evaluating path: $[*]['name']
2018-12-25 15:55:23,065 INFO  [main] ProductControllerIntTest:  Starting ProductControllerIntTest on Ma-Gorji-7 with PID 48976 (started by Ma_Gorji in D:\myRetailShop-spring\laptop\newww\gs-rest-service\initial)
2018-12-25 15:55:23,066 DEBUG [main] ProductControllerIntTest:  Running with Spring Boot v1.5.4.RELEASE, Spring v4.3.9.RELEASE
2018-12-25 15:55:23,066 INFO  [main] ProductControllerIntTest:  The following profiles are active: swagger,dev
2018-12-25 15:55:23,318 DEBUG [background-preinit] logging:  Logging Provider: org.jboss.logging.Slf4jLoggerProvider found via system property
2018-12-25 15:55:27,260 DEBUG [main] WebConfigurer:  Registering CORS filter
2018-12-25 15:55:30,430 WARN  [main] AbstractTemplateResolverConfiguration:  Cannot find template location: classpath:/templates/ (please add some templates or check your Thymeleaf configuration)
2018-12-25 15:55:31,088 INFO  [main] ProductControllerIntTest:  Started ProductControllerIntTest in 9.133 seconds (JVM running for 10.115)
2018-12-25 15:55:31,358 DEBUG [main] CompiledPath:  Evaluating path: $['id']
2018-12-25 15:55:31,363 DEBUG [main] CompiledPath:  Evaluating path: $['id']
2018-12-25 15:55:31,363 DEBUG [main] CompiledPath:  Evaluating path: $['name']
2018-12-25 15:55:31,363 DEBUG [main] CompiledPath:  Evaluating path: $['description']
2018-12-25 15:55:31,363 DEBUG [main] CompiledPath:  Evaluating path: $['category']
2018-12-25 15:55:31,364 DEBUG [main] CompiledPath:  Evaluating path: $['amount']
2018-12-25 15:56:23,861 INFO  [main] ProductControllerIntTest:  Starting ProductControllerIntTest on Ma-Gorji-7 with PID 54256 (started by Ma_Gorji in D:\myRetailShop-spring\laptop\newww\gs-rest-service\initial)
2018-12-25 15:56:23,862 DEBUG [main] ProductControllerIntTest:  Running with Spring Boot v1.5.4.RELEASE, Spring v4.3.9.RELEASE
2018-12-25 15:56:23,862 INFO  [main] ProductControllerIntTest:  The following profiles are active: swagger,dev
2018-12-25 15:56:24,071 DEBUG [background-preinit] logging:  Logging Provider: org.jboss.logging.Slf4jLoggerProvider found via system property
2018-12-25 15:56:27,902 DEBUG [main] WebConfigurer:  Registering CORS filter
2018-12-25 15:56:30,934 WARN  [main] AbstractTemplateResolverConfiguration:  Cannot find template location: classpath:/templates/ (please add some templates or check your Thymeleaf configuration)
2018-12-25 15:56:31,930 INFO  [main] ProductControllerIntTest:  Started ProductControllerIntTest in 9.144 seconds (JVM running for 10.071)
2018-12-25 15:58:52,728 INFO  [main] ProductControllerIntTest:  Starting ProductControllerIntTest on Ma-Gorji-7 with PID 36808 (started by Ma_Gorji in D:\myRetailShop-spring\laptop\newww\gs-rest-service\initial)
2018-12-25 15:58:52,731 DEBUG [main] ProductControllerIntTest:  Running with Spring Boot v1.5.4.RELEASE, Spring v4.3.9.RELEASE
2018-12-25 15:58:52,731 INFO  [main] ProductControllerIntTest:  The following profiles are active: swagger,dev
2018-12-25 15:58:53,031 DEBUG [background-preinit] logging:  Logging Provider: org.jboss.logging.Slf4jLoggerProvider found via system property
2018-12-25 15:58:56,878 DEBUG [main] WebConfigurer:  Registering CORS filter
2018-12-25 15:58:59,911 WARN  [main] AbstractTemplateResolverConfiguration:  Cannot find template location: classpath:/templates/ (please add some templates or check your Thymeleaf configuration)
2018-12-25 15:59:00,652 INFO  [main] ProductControllerIntTest:  Started ProductControllerIntTest in 8.916 seconds (JVM running for 9.826)
2018-12-25 15:59:38,887 INFO  [main] ProductControllerIntTest:  Starting ProductControllerIntTest on Ma-Gorji-7 with PID 9516 (started by Ma_Gorji in D:\myRetailShop-spring\laptop\newww\gs-rest-service\initial)
2018-12-25 15:59:38,888 DEBUG [main] ProductControllerIntTest:  Running with Spring Boot v1.5.4.RELEASE, Spring v4.3.9.RELEASE
2018-12-25 15:59:38,888 INFO  [main] ProductControllerIntTest:  The following profiles are active: swagger,dev
2018-12-25 15:59:39,202 DEBUG [background-preinit] logging:  Logging Provider: org.jboss.logging.Slf4jLoggerProvider found via system property
2018-12-25 15:59:43,680 DEBUG [main] WebConfigurer:  Registering CORS filter
2018-12-25 15:59:46,745 WARN  [main] AbstractTemplateResolverConfiguration:  Cannot find template location: classpath:/templates/ (please add some templates or check your Thymeleaf configuration)
2018-12-25 15:59:47,439 INFO  [main] ProductControllerIntTest:  Started ProductControllerIntTest in 9.236 seconds (JVM running for 10.194)
2018-12-25 16:00:44,821 INFO  [main] ProductControllerIntTest:  Starting ProductControllerIntTest on Ma-Gorji-7 with PID 30188 (started by Ma_Gorji in D:\myRetailShop-spring\laptop\newww\gs-rest-service\initial)
2018-12-25 16:00:44,823 DEBUG [main] ProductControllerIntTest:  Running with Spring Boot v1.5.4.RELEASE, Spring v4.3.9.RELEASE
2018-12-25 16:00:44,823 INFO  [main] ProductControllerIntTest:  The following profiles are active: swagger,dev
2018-12-25 16:00:45,031 DEBUG [background-preinit] logging:  Logging Provider: org.jboss.logging.Slf4jLoggerProvider found via system property
2018-12-25 16:00:49,034 DEBUG [main] WebConfigurer:  Registering CORS filter
2018-12-25 16:00:52,066 WARN  [main] AbstractTemplateResolverConfiguration:  Cannot find template location: classpath:/templates/ (please add some templates or check your Thymeleaf configuration)
2018-12-25 16:00:52,746 INFO  [main] ProductControllerIntTest:  Started ProductControllerIntTest in 9.051 seconds (JVM running for 10.16)
2018-12-25 16:01:45,401 INFO  [main] ProductControllerIntTest:  Starting ProductControllerIntTest on Ma-Gorji-7 with PID 26024 (started by Ma_Gorji in D:\myRetailShop-spring\laptop\newww\gs-rest-service\initial)
2018-12-25 16:01:45,402 DEBUG [main] ProductControllerIntTest:  Running with Spring Boot v1.5.4.RELEASE, Spring v4.3.9.RELEASE
2018-12-25 16:01:45,402 INFO  [main] ProductControllerIntTest:  The following profiles are active: swagger,dev
2018-12-25 16:01:45,895 DEBUG [background-preinit] logging:  Logging Provider: org.jboss.logging.Slf4jLoggerProvider found via system property
2018-12-25 16:01:49,614 DEBUG [main] WebConfigurer:  Registering CORS filter
2018-12-25 16:01:52,585 WARN  [main] AbstractTemplateResolverConfiguration:  Cannot find template location: classpath:/templates/ (please add some templates or check your Thymeleaf configuration)
2018-12-25 16:01:53,227 INFO  [main] ProductControllerIntTest:  Started ProductControllerIntTest in 8.804 seconds (JVM running for 9.736)
2018-12-25 16:02:28,434 INFO  [main] ProductControllerIntTest:  Starting ProductControllerIntTest on Ma-Gorji-7 with PID 34884 (started by Ma_Gorji in D:\myRetailShop-spring\laptop\newww\gs-rest-service\initial)
2018-12-25 16:02:28,435 DEBUG [main] ProductControllerIntTest:  Running with Spring Boot v1.5.4.RELEASE, Spring v4.3.9.RELEASE
2018-12-25 16:02:28,435 INFO  [main] ProductControllerIntTest:  The following profiles are active: swagger,dev
2018-12-25 16:02:28,874 DEBUG [background-preinit] logging:  Logging Provider: org.jboss.logging.Slf4jLoggerProvider found via system property
2018-12-25 16:02:32,730 DEBUG [main] WebConfigurer:  Registering CORS filter
2018-12-25 16:02:35,899 WARN  [main] AbstractTemplateResolverConfiguration:  Cannot find template location: classpath:/templates/ (please add some templates or check your Thymeleaf configuration)
2018-12-25 16:02:36,512 INFO  [main] ProductControllerIntTest:  Started ProductControllerIntTest in 9.024 seconds (JVM running for 10.03)
2018-12-25 16:03:12,568 INFO  [main] ProductControllerIntTest:  Starting ProductControllerIntTest on Ma-Gorji-7 with PID 7612 (started by Ma_Gorji in D:\myRetailShop-spring\laptop\newww\gs-rest-service\initial)
2018-12-25 16:03:12,570 DEBUG [main] ProductControllerIntTest:  Running with Spring Boot v1.5.4.RELEASE, Spring v4.3.9.RELEASE
2018-12-25 16:03:12,570 INFO  [main] ProductControllerIntTest:  The following profiles are active: swagger,dev
2018-12-25 16:03:12,771 DEBUG [background-preinit] logging:  Logging Provider: org.jboss.logging.Slf4jLoggerProvider found via system property
2018-12-25 16:03:16,781 DEBUG [main] WebConfigurer:  Registering CORS filter
2018-12-25 16:03:19,920 WARN  [main] AbstractTemplateResolverConfiguration:  Cannot find template location: classpath:/templates/ (please add some templates or check your Thymeleaf configuration)
2018-12-25 16:03:20,575 INFO  [main] ProductControllerIntTest:  Started ProductControllerIntTest in 9.182 seconds (JVM running for 10.129)
2018-12-25 16:03:20,848 WARN  [main] PageNotFound:  Request method 'PUT' not supported
2018-12-25 16:04:18,639 INFO  [main] ProductControllerIntTest:  Starting ProductControllerIntTest on Ma-Gorji-7 with PID 37528 (started by Ma_Gorji in D:\myRetailShop-spring\laptop\newww\gs-rest-service\initial)
2018-12-25 16:04:18,675 DEBUG [main] ProductControllerIntTest:  Running with Spring Boot v1.5.4.RELEASE, Spring v4.3.9.RELEASE
2018-12-25 16:04:18,675 INFO  [main] ProductControllerIntTest:  The following profiles are active: swagger,dev
2018-12-25 16:04:18,816 DEBUG [background-preinit] logging:  Logging Provider: org.jboss.logging.Slf4jLoggerProvider found via system property
2018-12-25 16:04:22,792 DEBUG [main] WebConfigurer:  Registering CORS filter
2018-12-25 16:04:25,876 WARN  [main] AbstractTemplateResolverConfiguration:  Cannot find template location: classpath:/templates/ (please add some templates or check your Thymeleaf configuration)
2018-12-25 16:04:26,554 INFO  [main] ProductControllerIntTest:  Started ProductControllerIntTest in 8.953 seconds (JVM running for 9.91)
2018-12-25 16:04:34,470 INFO  [main] ProductControllerIntTest:  Starting ProductControllerIntTest on Ma-Gorji-7 with PID 40992 (started by Ma_Gorji in D:\myRetailShop-spring\laptop\newww\gs-rest-service\initial)
2018-12-25 16:04:34,471 DEBUG [main] ProductControllerIntTest:  Running with Spring Boot v1.5.4.RELEASE, Spring v4.3.9.RELEASE
2018-12-25 16:04:34,471 INFO  [main] ProductControllerIntTest:  The following profiles are active: swagger,dev
2018-12-25 16:04:34,640 DEBUG [background-preinit] logging:  Logging Provider: org.jboss.logging.Slf4jLoggerProvider found via system property
2018-12-25 16:04:39,091 DEBUG [main] WebConfigurer:  Registering CORS filter
2018-12-25 16:04:42,082 WARN  [main] AbstractTemplateResolverConfiguration:  Cannot find template location: classpath:/templates/ (please add some templates or check your Thymeleaf configuration)
2018-12-25 16:04:42,778 INFO  [main] ProductControllerIntTest:  Started ProductControllerIntTest in 9.108 seconds (JVM running for 10.06)
2018-12-25 16:05:35,523 INFO  [main] ProductControllerIntTest:  Starting ProductControllerIntTest on Ma-Gorji-7 with PID 12532 (started by Ma_Gorji in D:\myRetailShop-spring\laptop\newww\gs-rest-service\initial)
2018-12-25 16:05:35,524 DEBUG [main] ProductControllerIntTest:  Running with Spring Boot v1.5.4.RELEASE, Spring v4.3.9.RELEASE
2018-12-25 16:05:35,524 INFO  [main] ProductControllerIntTest:  The following profiles are active: swagger,dev
2018-12-25 16:05:35,848 DEBUG [background-preinit] logging:  Logging Provider: org.jboss.logging.Slf4jLoggerProvider found via system property
2018-12-25 16:05:39,930 DEBUG [main] WebConfigurer:  Registering CORS filter
2018-12-25 16:05:42,968 WARN  [main] AbstractTemplateResolverConfiguration:  Cannot find template location: classpath:/templates/ (please add some templates or check your Thymeleaf configuration)
2018-12-25 16:05:43,647 INFO  [main] ProductControllerIntTest:  Started ProductControllerIntTest in 9.046 seconds (JVM running for 10.041)
2018-12-25 16:05:54,900 INFO  [main] ProductControllerIntTest:  Starting ProductControllerIntTest on Ma-Gorji-7 with PID 40216 (started by Ma_Gorji in D:\myRetailShop-spring\laptop\newww\gs-rest-service\initial)
2018-12-25 16:05:54,901 DEBUG [main] ProductControllerIntTest:  Running with Spring Boot v1.5.4.RELEASE, Spring v4.3.9.RELEASE
2018-12-25 16:05:54,901 INFO  [main] ProductControllerIntTest:  The following profiles are active: swagger,dev
2018-12-25 16:05:55,274 DEBUG [background-preinit] logging:  Logging Provider: org.jboss.logging.Slf4jLoggerProvider found via system property
2018-12-25 16:05:59,057 DEBUG [main] WebConfigurer:  Registering CORS filter
2018-12-25 16:06:02,210 WARN  [main] AbstractTemplateResolverConfiguration:  Cannot find template location: classpath:/templates/ (please add some templates or check your Thymeleaf configuration)
2018-12-25 16:06:02,881 INFO  [main] ProductControllerIntTest:  Started ProductControllerIntTest in 8.938 seconds (JVM running for 9.916)
2018-12-25 16:06:03,271 DEBUG [main] CompiledPath:  Evaluating path: $[*]['name']
2018-12-25 16:06:03,360 DEBUG [main] CompiledPath:  Evaluating path: $['id']
2018-12-25 16:06:03,361 DEBUG [main] CompiledPath:  Evaluating path: $['id']
2018-12-25 16:06:03,361 DEBUG [main] CompiledPath:  Evaluating path: $['name']
2018-12-25 16:06:03,361 DEBUG [main] CompiledPath:  Evaluating path: $['description']
2018-12-25 16:06:03,361 DEBUG [main] CompiledPath:  Evaluating path: $['category']
2018-12-25 16:06:03,361 DEBUG [main] CompiledPath:  Evaluating path: $['amount']
2018-12-25 16:07:39,905 INFO  [main] ProductControllerIntTest:  Starting ProductControllerIntTest on Ma-Gorji-7 with PID 25864 (started by Ma_Gorji in D:\myRetailShop-spring\laptop\newww\gs-rest-service\initial)
2018-12-25 16:07:39,906 DEBUG [main] ProductControllerIntTest:  Running with Spring Boot v1.5.4.RELEASE, Spring v4.3.9.RELEASE
2018-12-25 16:07:39,906 INFO  [main] ProductControllerIntTest:  The following profiles are active: swagger,dev
2018-12-25 16:07:40,098 DEBUG [background-preinit] logging:  Logging Provider: org.jboss.logging.Slf4jLoggerProvider found via system property
2018-12-25 16:07:48,822 DEBUG [main] WebConfigurer:  Registering CORS filter
2018-12-25 16:07:52,006 WARN  [main] AbstractTemplateResolverConfiguration:  Cannot find template location: classpath:/templates/ (please add some templates or check your Thymeleaf configuration)
2018-12-25 16:07:52,759 INFO  [main] ProductControllerIntTest:  Started ProductControllerIntTest in 13.406 seconds (JVM running for 14.194)
2018-12-25 16:07:53,185 DEBUG [main] CompiledPath:  Evaluating path: $[*]['name']
2018-12-25 16:07:53,296 DEBUG [main] CompiledPath:  Evaluating path: $['id']
2018-12-25 16:07:53,297 DEBUG [main] CompiledPath:  Evaluating path: $['id']
2018-12-25 16:07:53,297 DEBUG [main] CompiledPath:  Evaluating path: $['name']
2018-12-25 16:07:53,297 DEBUG [main] CompiledPath:  Evaluating path: $['description']
2018-12-25 16:07:53,298 DEBUG [main] CompiledPath:  Evaluating path: $['category']
2018-12-25 16:07:53,298 DEBUG [main] CompiledPath:  Evaluating path: $['amount']
